<?xml version="1.0" encoding="UTF-8"?>
<testsuite name="com.minsu.springboot.web.IndexControllerTest" tests="1" skipped="0" failures="0" errors="0" timestamp="2022-01-21T10:08:52" hostname="DESKTOP-UMTA81A" time="0.169">
  <properties/>
  <testcase name="MainPageLoading" classname="com.minsu.springboot.web.IndexControllerTest" time="0.169"/>
  <system-out><![CDATA[2022-01-21 19:08:50.787  INFO 3472 --- [    Test worker] .b.t.c.SpringBootTestContextBootstrapper : Neither @ContextConfiguration nor @ContextHierarchy found for test class [com.minsu.springboot.web.IndexControllerTest], using SpringBootContextLoader
2022-01-21 19:08:50.788  INFO 3472 --- [    Test worker] o.s.t.c.support.AbstractContextLoader    : Could not detect default resource locations for test class [com.minsu.springboot.web.IndexControllerTest]: no resource found for suffixes {-context.xml, Context.groovy}.
2022-01-21 19:08:50.791  INFO 3472 --- [    Test worker] t.c.s.AnnotationConfigContextLoaderUtils : Could not detect default configuration classes for test class [com.minsu.springboot.web.IndexControllerTest]: IndexControllerTest does not declare any static, non-private, non-final, nested classes annotated with @Configuration.
2022-01-21 19:08:50.799  INFO 3472 --- [    Test worker] .b.t.c.SpringBootTestContextBootstrapper : Found @SpringBootConfiguration com.minsu.springboot.Application for test class com.minsu.springboot.web.IndexControllerTest
2022-01-21 19:08:50.802  INFO 3472 --- [    Test worker] .b.t.c.SpringBootTestContextBootstrapper : Loaded default TestExecutionListener class names from location [META-INF/spring.factories]: [org.springframework.boot.test.autoconfigure.restdocs.RestDocsTestExecutionListener, org.springframework.boot.test.autoconfigure.web.client.MockRestServiceServerResetTestExecutionListener, org.springframework.boot.test.autoconfigure.web.servlet.MockMvcPrintOnlyOnFailureTestExecutionListener, org.springframework.boot.test.autoconfigure.web.servlet.WebDriverTestExecutionListener, org.springframework.boot.test.mock.mockito.MockitoTestExecutionListener, org.springframework.boot.test.mock.mockito.ResetMocksTestExecutionListener, org.springframework.test.context.web.ServletTestExecutionListener, org.springframework.test.context.support.DirtiesContextBeforeModesTestExecutionListener, org.springframework.test.context.support.DependencyInjectionTestExecutionListener, org.springframework.test.context.support.DirtiesContextTestExecutionListener, org.springframework.test.context.transaction.TransactionalTestExecutionListener, org.springframework.test.context.jdbc.SqlScriptsTestExecutionListener]
2022-01-21 19:08:50.802  INFO 3472 --- [    Test worker] .b.t.c.SpringBootTestContextBootstrapper : Using TestExecutionListeners: [org.springframework.test.context.web.ServletTestExecutionListener@24aad917, org.springframework.test.context.support.DirtiesContextBeforeModesTestExecutionListener@79e67a0b, org.springframework.boot.test.mock.mockito.MockitoTestExecutionListener@2e2cb07a, org.springframework.boot.test.autoconfigure.SpringBootDependencyInjectionTestExecutionListener@3ceaeb9f, org.springframework.test.context.support.DirtiesContextTestExecutionListener@4e7aff74, org.springframework.test.context.transaction.TransactionalTestExecutionListener@406e292, org.springframework.test.context.jdbc.SqlScriptsTestExecutionListener@4f622d08, org.springframework.boot.test.autoconfigure.restdocs.RestDocsTestExecutionListener@243f9168, org.springframework.boot.test.autoconfigure.web.client.MockRestServiceServerResetTestExecutionListener@3d274bc4, org.springframework.boot.test.autoconfigure.web.servlet.MockMvcPrintOnlyOnFailureTestExecutionListener@e063c80, org.springframework.boot.test.autoconfigure.web.servlet.WebDriverTestExecutionListener@50d24a25, org.springframework.boot.test.mock.mockito.ResetMocksTestExecutionListener@8be2586]

  .   ____          _            __ _ _
 /\\ / ___'_ __ _ _(_)_ __  __ _ \ \ \ \
( ( )\___ | '_ | '_| | '_ \/ _` | \ \ \ \
 \\/  ___)| |_)| | | | | || (_| |  ) ) ) )
  '  |____| .__|_| |_|_| |_\__, | / / / /
 =========|_|==============|___/=/_/_/_/
 :: Spring Boot ::        (v2.1.7.RELEASE)

2022-01-21 19:08:50.855  INFO 3472 --- [    Test worker] c.m.springboot.web.IndexControllerTest   : Starting IndexControllerTest on DESKTOP-UMTA81A with PID 3472 (started by Minsu in D:\O\springboot\freelec-springboot2-webservice)
2022-01-21 19:08:50.855  INFO 3472 --- [    Test worker] c.m.springboot.web.IndexControllerTest   : The following profiles are active: oauth
2022-01-21 19:08:51.060  INFO 3472 --- [    Test worker] .s.d.r.c.RepositoryConfigurationDelegate : Bootstrapping Spring Data repositories in DEFAULT mode.
2022-01-21 19:08:51.082  INFO 3472 --- [    Test worker] .s.d.r.c.RepositoryConfigurationDelegate : Finished Spring Data repository scanning in 19ms. Found 2 repository interfaces.
2022-01-21 19:08:51.168  INFO 3472 --- [    Test worker] trationDelegate$BeanPostProcessorChecker : Bean 'org.springframework.transaction.annotation.ProxyTransactionManagementConfiguration' of type [org.springframework.transaction.annotation.ProxyTransactionManagementConfiguration$$EnhancerBySpringCGLIB$$eb389bd2] is not eligible for getting processed by all BeanPostProcessors (for example: not eligible for auto-proxying)
2022-01-21 19:08:51.414  INFO 3472 --- [    Test worker] o.s.b.w.embedded.tomcat.TomcatWebServer  : Tomcat initialized with port(s): 0 (http)
2022-01-21 19:08:51.445  INFO 3472 --- [    Test worker] o.apache.catalina.core.StandardService   : Starting service [Tomcat]
2022-01-21 19:08:51.445  INFO 3472 --- [    Test worker] org.apache.catalina.core.StandardEngine  : Starting Servlet engine: [Apache Tomcat/9.0.22]
2022-01-21 19:08:51.613  INFO 3472 --- [    Test worker] o.a.c.c.C.[Tomcat].[localhost].[/]       : Initializing Spring embedded WebApplicationContext
2022-01-21 19:08:51.614  INFO 3472 --- [    Test worker] o.s.web.context.ContextLoader            : Root WebApplicationContext: initialization completed in 757 ms
2022-01-21 19:08:51.757  INFO 3472 --- [    Test worker] com.zaxxer.hikari.HikariDataSource       : HikariPool-2 - Starting...
2022-01-21 19:08:51.759  INFO 3472 --- [    Test worker] com.zaxxer.hikari.HikariDataSource       : HikariPool-2 - Start completed.
2022-01-21 19:08:51.783  INFO 3472 --- [    Test worker] o.hibernate.jpa.internal.util.LogHelper  : HHH000204: Processing PersistenceUnitInfo [
	name: default
	...]
2022-01-21 19:08:51.790  INFO 3472 --- [    Test worker] org.hibernate.dialect.Dialect            : HHH000400: Using dialect: org.hibernate.dialect.MySQL5InnoDBDialect
Hibernate: drop table if exists posts
Hibernate: drop table if exists user
Hibernate: create table posts (id bigint not null auto_increment, created_date datetime, modified_date datetime, author varchar(255), content TEXT not null, title varchar(500) not null, primary key (id)) engine=InnoDB
Hibernate: create table user (id bigint not null auto_increment, created_date datetime, modified_date datetime, email varchar(255) not null, name varchar(255) not null, picture varchar(255), role varchar(255) not null, primary key (id)) engine=InnoDB
2022-01-21 19:08:51.831  INFO 3472 --- [    Test worker] o.h.t.schema.internal.SchemaCreatorImpl  : HHH000476: Executing import script 'org.hibernate.tool.schema.internal.exec.ScriptSourceInputNonExistentImpl@1c4a24f0'
2022-01-21 19:08:51.831  INFO 3472 --- [    Test worker] j.LocalContainerEntityManagerFactoryBean : Initialized JPA EntityManagerFactory for persistence unit 'default'
2022-01-21 19:08:52.114  INFO 3472 --- [    Test worker] o.h.h.i.QueryTranslatorFactoryInitiator  : HHH000397: Using ASTQueryTranslatorFactory
2022-01-21 19:08:52.240  INFO 3472 --- [    Test worker] o.s.s.web.DefaultSecurityFilterChain     : Creating filter chain: any request, [org.springframework.security.web.context.request.async.WebAsyncManagerIntegrationFilter@3287fb3e, org.springframework.security.web.context.SecurityContextPersistenceFilter@e9baf3c, org.springframework.security.web.header.HeaderWriterFilter@36cb401b, org.springframework.security.web.authentication.logout.LogoutFilter@5d41ea9a, org.springframework.security.oauth2.client.web.OAuth2AuthorizationRequestRedirectFilter@6fb7e834, org.springframework.security.oauth2.client.web.OAuth2LoginAuthenticationFilter@61dc8402, org.springframework.security.web.authentication.ui.DefaultLoginPageGeneratingFilter@e704627, org.springframework.security.web.authentication.ui.DefaultLogoutPageGeneratingFilter@df70724, org.springframework.security.web.savedrequest.RequestCacheAwareFilter@911a3c4, org.springframework.security.web.servletapi.SecurityContextHolderAwareRequestFilter@65b6e165, org.springframework.security.web.authentication.AnonymousAuthenticationFilter@5dd1a8e6, org.springframework.security.web.session.SessionManagementFilter@1f1e8662, org.springframework.security.web.access.ExceptionTranslationFilter@65cc582b, org.springframework.security.web.access.intercept.FilterSecurityInterceptor@39a0ddef]
2022-01-21 19:08:52.364  INFO 3472 --- [    Test worker] o.s.s.concurrent.ThreadPoolTaskExecutor  : Initializing ExecutorService 'applicationTaskExecutor'
2022-01-21 19:08:52.374  WARN 3472 --- [    Test worker] aWebConfiguration$JpaWebMvcConfiguration : spring.jpa.open-in-view is enabled by default. Therefore, database queries may be performed during view rendering. Explicitly configure spring.jpa.open-in-view to disable this warning
2022-01-21 19:08:52.392  INFO 3472 --- [    Test worker] o.s.b.a.w.s.WelcomePageHandlerMapping    : Adding welcome page template: index
2022-01-21 19:08:52.580  INFO 3472 --- [    Test worker] s.a.ScheduledAnnotationBeanPostProcessor : No TaskScheduler/ScheduledExecutorService bean found for scheduled processing
2022-01-21 19:08:52.596  INFO 3472 --- [    Test worker] o.s.b.w.embedded.tomcat.TomcatWebServer  : Tomcat started on port(s): 51620 (http) with context path ''
2022-01-21 19:08:52.597  INFO 3472 --- [    Test worker] c.m.springboot.web.IndexControllerTest   : Started IndexControllerTest in 1.793 seconds (JVM running for 9.024)
2022-01-21 19:08:52.670  INFO 3472 --- [o-auto-1-exec-1] o.a.c.c.C.[Tomcat].[localhost].[/]       : Initializing Spring DispatcherServlet 'dispatcherServlet'
2022-01-21 19:08:52.671  INFO 3472 --- [o-auto-1-exec-1] o.s.web.servlet.DispatcherServlet        : Initializing Servlet 'dispatcherServlet'
2022-01-21 19:08:52.685  INFO 3472 --- [o-auto-1-exec-1] o.s.web.servlet.DispatcherServlet        : Completed initialization in 14 ms
Hibernate: select posts0_.id as id1_0_, posts0_.created_date as created_2_0_, posts0_.modified_date as modified3_0_, posts0_.author as author4_0_, posts0_.content as content5_0_, posts0_.title as title6_0_ from posts posts0_ order by posts0_.id DESC
]]></system-out>
  <system-err><![CDATA[]]></system-err>
</testsuite>
