<?xml version="1.0" encoding="UTF-8"?>
<testsuite name="com.minsu.springboot.web.HelloControllerTest" tests="2" skipped="0" failures="0" errors="0" timestamp="2022-02-08T06:51:54" hostname="DESKTOP-UMTA81A" time="0.13">
  <properties/>
  <testcase name="result_helloDto" classname="com.minsu.springboot.web.HelloControllerTest" time="0.122"/>
  <testcase name="return_hello" classname="com.minsu.springboot.web.HelloControllerTest" time="0.007"/>
  <system-out><![CDATA[2022-02-08 15:51:53.684  INFO 1184 --- [    Test worker] .b.t.a.w.s.WebMvcTestContextBootstrapper : Neither @ContextConfiguration nor @ContextHierarchy found for test class [com.minsu.springboot.web.HelloControllerTest], using SpringBootContextLoader
2022-02-08 15:51:53.687  INFO 1184 --- [    Test worker] o.s.t.c.support.AbstractContextLoader    : Could not detect default resource locations for test class [com.minsu.springboot.web.HelloControllerTest]: no resource found for suffixes {-context.xml, Context.groovy}.
2022-02-08 15:51:53.687  INFO 1184 --- [    Test worker] t.c.s.AnnotationConfigContextLoaderUtils : Could not detect default configuration classes for test class [com.minsu.springboot.web.HelloControllerTest]: HelloControllerTest does not declare any static, non-private, non-final, nested classes annotated with @Configuration.
2022-02-08 15:51:53.729  INFO 1184 --- [    Test worker] .b.t.c.SpringBootTestContextBootstrapper : Found @SpringBootConfiguration com.minsu.springboot.Application for test class com.minsu.springboot.web.HelloControllerTest
2022-02-08 15:51:53.729  INFO 1184 --- [    Test worker] .b.t.a.w.s.WebMvcTestContextBootstrapper : Loaded default TestExecutionListener class names from location [META-INF/spring.factories]: [org.springframework.security.test.context.support.WithSecurityContextTestExecutionListener, org.springframework.security.test.context.support.ReactorContextTestExecutionListener, org.springframework.boot.test.autoconfigure.restdocs.RestDocsTestExecutionListener, org.springframework.boot.test.autoconfigure.web.client.MockRestServiceServerResetTestExecutionListener, org.springframework.boot.test.autoconfigure.web.servlet.MockMvcPrintOnlyOnFailureTestExecutionListener, org.springframework.boot.test.autoconfigure.web.servlet.WebDriverTestExecutionListener, org.springframework.boot.test.mock.mockito.MockitoTestExecutionListener, org.springframework.boot.test.mock.mockito.ResetMocksTestExecutionListener, org.springframework.test.context.web.ServletTestExecutionListener, org.springframework.test.context.support.DirtiesContextBeforeModesTestExecutionListener, org.springframework.test.context.support.DependencyInjectionTestExecutionListener, org.springframework.test.context.support.DirtiesContextTestExecutionListener, org.springframework.test.context.transaction.TransactionalTestExecutionListener, org.springframework.test.context.jdbc.SqlScriptsTestExecutionListener]
2022-02-08 15:51:53.731  INFO 1184 --- [    Test worker] .b.t.a.w.s.WebMvcTestContextBootstrapper : Using TestExecutionListeners: [org.springframework.test.context.web.ServletTestExecutionListener@16073ca2, org.springframework.test.context.support.DirtiesContextBeforeModesTestExecutionListener@1f0fb83a, org.springframework.boot.test.mock.mockito.MockitoTestExecutionListener@debc103, org.springframework.boot.test.autoconfigure.SpringBootDependencyInjectionTestExecutionListener@3f6b04b9, org.springframework.test.context.support.DirtiesContextTestExecutionListener@10a6cdda, org.springframework.test.context.transaction.TransactionalTestExecutionListener@728a699c, org.springframework.test.context.jdbc.SqlScriptsTestExecutionListener@213a4d17, org.springframework.security.test.context.support.WithSecurityContextTestExecutionListener@4613db45, org.springframework.security.test.context.support.ReactorContextTestExecutionListener@60fd1640, org.springframework.boot.test.autoconfigure.restdocs.RestDocsTestExecutionListener@419a454a, org.springframework.boot.test.autoconfigure.web.client.MockRestServiceServerResetTestExecutionListener@32bbea9b, org.springframework.boot.test.autoconfigure.web.servlet.MockMvcPrintOnlyOnFailureTestExecutionListener@6a2ad67a, org.springframework.boot.test.autoconfigure.web.servlet.WebDriverTestExecutionListener@626d8269, org.springframework.boot.test.mock.mockito.ResetMocksTestExecutionListener@714e2b7b]

  .   ____          _            __ _ _
 /\\ / ___'_ __ _ _(_)_ __  __ _ \ \ \ \
( ( )\___ | '_ | '_| | '_ \/ _` | \ \ \ \
 \\/  ___)| |_)| | | | | || (_| |  ) ) ) )
  '  |____| .__|_| |_|_| |_\__, | / / / /
 =========|_|==============|___/=/_/_/_/
 :: Spring Boot ::        (v2.1.7.RELEASE)

2022-02-08 15:51:53.760  INFO 1184 --- [    Test worker] c.m.springboot.web.HelloControllerTest   : Starting HelloControllerTest on DESKTOP-UMTA81A with PID 1184 (started by Minsu in D:\O\springboot\freelec-springboot2-webservice)
2022-02-08 15:51:53.766  INFO 1184 --- [    Test worker] c.m.springboot.web.HelloControllerTest   : No active profile set, falling back to default profiles: default
2022-02-08 15:51:54.218  INFO 1184 --- [    Test worker] o.s.s.concurrent.ThreadPoolTaskExecutor  : Initializing ExecutorService 'applicationTaskExecutor'
2022-02-08 15:51:54.243  INFO 1184 --- [    Test worker] o.s.b.a.w.s.WelcomePageHandlerMapping    : Adding welcome page template: index
2022-02-08 15:51:54.337  INFO 1184 --- [    Test worker] o.s.b.t.m.w.SpringBootMockServletContext : Initializing Spring TestDispatcherServlet ''
2022-02-08 15:51:54.337  INFO 1184 --- [    Test worker] o.s.t.web.servlet.TestDispatcherServlet  : Initializing Servlet ''
2022-02-08 15:51:54.352  INFO 1184 --- [    Test worker] o.s.t.web.servlet.TestDispatcherServlet  : Completed initialization in 15 ms
2022-02-08 15:51:54.356  INFO 1184 --- [    Test worker] c.m.springboot.web.HelloControllerTest   : Started HelloControllerTest in 0.622 seconds (JVM running for 7.627)
]]></system-out>
  <system-err><![CDATA[]]></system-err>
</testsuite>
