<?xml version="1.0" encoding="UTF-8"?>
<testsuite name="com.minsu.springboot.web.IndexControllerTest" tests="1" skipped="0" failures="0" errors="0" timestamp="2022-02-08T06:51:56" hostname="DESKTOP-UMTA81A" time="0.218">
  <properties/>
  <testcase name="MainPageLoading" classname="com.minsu.springboot.web.IndexControllerTest" time="0.218"/>
  <system-out><![CDATA[2022-02-08 15:51:54.501  INFO 1184 --- [    Test worker] .b.t.c.SpringBootTestContextBootstrapper : Neither @ContextConfiguration nor @ContextHierarchy found for test class [com.minsu.springboot.web.IndexControllerTest], using SpringBootContextLoader
2022-02-08 15:51:54.502  INFO 1184 --- [    Test worker] o.s.t.c.support.AbstractContextLoader    : Could not detect default resource locations for test class [com.minsu.springboot.web.IndexControllerTest]: no resource found for suffixes {-context.xml, Context.groovy}.
2022-02-08 15:51:54.502  INFO 1184 --- [    Test worker] t.c.s.AnnotationConfigContextLoaderUtils : Could not detect default configuration classes for test class [com.minsu.springboot.web.IndexControllerTest]: IndexControllerTest does not declare any static, non-private, non-final, nested classes annotated with @Configuration.
2022-02-08 15:51:54.504  INFO 1184 --- [    Test worker] .b.t.c.SpringBootTestContextBootstrapper : Found @SpringBootConfiguration com.minsu.springboot.Application for test class com.minsu.springboot.web.IndexControllerTest
2022-02-08 15:51:54.507  INFO 1184 --- [    Test worker] .b.t.c.SpringBootTestContextBootstrapper : Loaded default TestExecutionListener class names from location [META-INF/spring.factories]: [org.springframework.security.test.context.support.WithSecurityContextTestExecutionListener, org.springframework.security.test.context.support.ReactorContextTestExecutionListener, org.springframework.boot.test.autoconfigure.restdocs.RestDocsTestExecutionListener, org.springframework.boot.test.autoconfigure.web.client.MockRestServiceServerResetTestExecutionListener, org.springframework.boot.test.autoconfigure.web.servlet.MockMvcPrintOnlyOnFailureTestExecutionListener, org.springframework.boot.test.autoconfigure.web.servlet.WebDriverTestExecutionListener, org.springframework.boot.test.mock.mockito.MockitoTestExecutionListener, org.springframework.boot.test.mock.mockito.ResetMocksTestExecutionListener, org.springframework.test.context.web.ServletTestExecutionListener, org.springframework.test.context.support.DirtiesContextBeforeModesTestExecutionListener, org.springframework.test.context.support.DependencyInjectionTestExecutionListener, org.springframework.test.context.support.DirtiesContextTestExecutionListener, org.springframework.test.context.transaction.TransactionalTestExecutionListener, org.springframework.test.context.jdbc.SqlScriptsTestExecutionListener]
2022-02-08 15:51:54.508  INFO 1184 --- [    Test worker] .b.t.c.SpringBootTestContextBootstrapper : Using TestExecutionListeners: [org.springframework.test.context.web.ServletTestExecutionListener@6e0c3623, org.springframework.test.context.support.DirtiesContextBeforeModesTestExecutionListener@ae2c4c9, org.springframework.boot.test.mock.mockito.MockitoTestExecutionListener@b84e878, org.springframework.boot.test.autoconfigure.SpringBootDependencyInjectionTestExecutionListener@7fda6945, org.springframework.test.context.support.DirtiesContextTestExecutionListener@7068e5b3, org.springframework.test.context.transaction.TransactionalTestExecutionListener@6c30b3fb, org.springframework.test.context.jdbc.SqlScriptsTestExecutionListener@40db512d, org.springframework.security.test.context.support.WithSecurityContextTestExecutionListener@6c678832, org.springframework.security.test.context.support.ReactorContextTestExecutionListener@5b95bd70, org.springframework.boot.test.autoconfigure.restdocs.RestDocsTestExecutionListener@32d36292, org.springframework.boot.test.autoconfigure.web.client.MockRestServiceServerResetTestExecutionListener@281b0fdc, org.springframework.boot.test.autoconfigure.web.servlet.MockMvcPrintOnlyOnFailureTestExecutionListener@786d24f5, org.springframework.boot.test.autoconfigure.web.servlet.WebDriverTestExecutionListener@e6578b5, org.springframework.boot.test.mock.mockito.ResetMocksTestExecutionListener@270b5c19]

  .   ____          _            __ _ _
 /\\ / ___'_ __ _ _(_)_ __  __ _ \ \ \ \
( ( )\___ | '_ | '_| | '_ \/ _` | \ \ \ \
 \\/  ___)| |_)| | | | | || (_| |  ) ) ) )
  '  |____| .__|_| |_|_| |_\__, | / / / /
 =========|_|==============|___/=/_/_/_/
 :: Spring Boot ::        (v2.1.7.RELEASE)

2022-02-08 15:51:54.548  INFO 1184 --- [    Test worker] c.m.springboot.web.IndexControllerTest   : Starting IndexControllerTest on DESKTOP-UMTA81A with PID 1184 (started by Minsu in D:\O\springboot\freelec-springboot2-webservice)
2022-02-08 15:51:54.549  INFO 1184 --- [    Test worker] c.m.springboot.web.IndexControllerTest   : No active profile set, falling back to default profiles: default
2022-02-08 15:51:54.788  INFO 1184 --- [    Test worker] .s.d.r.c.RepositoryConfigurationDelegate : Bootstrapping Spring Data repositories in DEFAULT mode.
2022-02-08 15:51:54.803  INFO 1184 --- [    Test worker] .s.d.r.c.RepositoryConfigurationDelegate : Finished Spring Data repository scanning in 15ms. Found 2 repository interfaces.
2022-02-08 15:51:54.882  INFO 1184 --- [    Test worker] trationDelegate$BeanPostProcessorChecker : Bean 'org.springframework.transaction.annotation.ProxyTransactionManagementConfiguration' of type [org.springframework.transaction.annotation.ProxyTransactionManagementConfiguration$$EnhancerBySpringCGLIB$$31cea410] is not eligible for getting processed by all BeanPostProcessors (for example: not eligible for auto-proxying)
2022-02-08 15:51:55.119  INFO 1184 --- [    Test worker] o.s.b.w.embedded.tomcat.TomcatWebServer  : Tomcat initialized with port(s): 0 (http)
2022-02-08 15:51:55.147  INFO 1184 --- [    Test worker] o.apache.catalina.core.StandardService   : Starting service [Tomcat]
2022-02-08 15:51:55.147  INFO 1184 --- [    Test worker] org.apache.catalina.core.StandardEngine  : Starting Servlet engine: [Apache Tomcat/9.0.22]
2022-02-08 15:51:55.318  INFO 1184 --- [    Test worker] o.a.c.c.C.[Tomcat].[localhost].[/]       : Initializing Spring embedded WebApplicationContext
2022-02-08 15:51:55.318  INFO 1184 --- [    Test worker] o.s.web.context.ContextLoader            : Root WebApplicationContext: initialization completed in 767 ms
2022-02-08 15:51:55.474  INFO 1184 --- [    Test worker] com.zaxxer.hikari.HikariDataSource       : HikariPool-2 - Starting...
2022-02-08 15:51:55.474  INFO 1184 --- [    Test worker] com.zaxxer.hikari.HikariDataSource       : HikariPool-2 - Start completed.
2022-02-08 15:51:55.506  INFO 1184 --- [    Test worker] o.hibernate.jpa.internal.util.LogHelper  : HHH000204: Processing PersistenceUnitInfo [
	name: default
	...]
2022-02-08 15:51:55.506  INFO 1184 --- [    Test worker] org.hibernate.dialect.Dialect            : HHH000400: Using dialect: org.hibernate.dialect.MySQL5InnoDBDialect
Hibernate: drop table if exists posts
Hibernate: drop table if exists user
Hibernate: create table posts (id bigint not null auto_increment, created_date datetime, modified_date datetime, author varchar(255), content TEXT not null, title varchar(500) not null, primary key (id)) engine=InnoDB
Hibernate: create table user (id bigint not null auto_increment, created_date datetime, modified_date datetime, email varchar(255) not null, name varchar(255) not null, picture varchar(255), role varchar(255) not null, primary key (id)) engine=InnoDB
2022-02-08 15:51:55.553  INFO 1184 --- [    Test worker] o.h.t.schema.internal.SchemaCreatorImpl  : HHH000476: Executing import script 'org.hibernate.tool.schema.internal.exec.ScriptSourceInputNonExistentImpl@6026fa0c'
2022-02-08 15:51:55.553  INFO 1184 --- [    Test worker] j.LocalContainerEntityManagerFactoryBean : Initialized JPA EntityManagerFactory for persistence unit 'default'
2022-02-08 15:51:55.839  INFO 1184 --- [    Test worker] o.h.h.i.QueryTranslatorFactoryInitiator  : HHH000397: Using ASTQueryTranslatorFactory
2022-02-08 15:51:55.950  INFO 1184 --- [    Test worker] o.s.s.web.DefaultSecurityFilterChain     : Creating filter chain: any request, [org.springframework.security.web.context.request.async.WebAsyncManagerIntegrationFilter@5268f34a, org.springframework.security.web.context.SecurityContextPersistenceFilter@640cb70f, org.springframework.security.web.header.HeaderWriterFilter@7b4adf8, org.springframework.security.web.authentication.logout.LogoutFilter@39e3439a, org.springframework.security.oauth2.client.web.OAuth2AuthorizationRequestRedirectFilter@48de3a16, org.springframework.security.oauth2.client.web.OAuth2LoginAuthenticationFilter@107f7ce6, org.springframework.security.web.authentication.ui.DefaultLoginPageGeneratingFilter@38d62f40, org.springframework.security.web.authentication.ui.DefaultLogoutPageGeneratingFilter@658a796b, org.springframework.security.web.savedrequest.RequestCacheAwareFilter@d7d4a72, org.springframework.security.web.servletapi.SecurityContextHolderAwareRequestFilter@2f04fd48, org.springframework.security.web.authentication.AnonymousAuthenticationFilter@5cbdf146, org.springframework.security.web.session.SessionManagementFilter@55252ea, org.springframework.security.web.access.ExceptionTranslationFilter@4b145185, org.springframework.security.web.access.intercept.FilterSecurityInterceptor@533c9d39]
2022-02-08 15:51:56.095  INFO 1184 --- [    Test worker] o.s.s.concurrent.ThreadPoolTaskExecutor  : Initializing ExecutorService 'applicationTaskExecutor'
2022-02-08 15:51:56.114  WARN 1184 --- [    Test worker] aWebConfiguration$JpaWebMvcConfiguration : spring.jpa.open-in-view is enabled by default. Therefore, database queries may be performed during view rendering. Explicitly configure spring.jpa.open-in-view to disable this warning
2022-02-08 15:51:56.144  INFO 1184 --- [    Test worker] o.s.b.a.w.s.WelcomePageHandlerMapping    : Adding welcome page template: index
2022-02-08 15:51:56.414  INFO 1184 --- [    Test worker] s.a.ScheduledAnnotationBeanPostProcessor : No TaskScheduler/ScheduledExecutorService bean found for scheduled processing
2022-02-08 15:51:56.435  INFO 1184 --- [    Test worker] o.s.b.w.embedded.tomcat.TomcatWebServer  : Tomcat started on port(s): 61377 (http) with context path ''
2022-02-08 15:51:56.436  INFO 1184 --- [    Test worker] c.m.springboot.web.IndexControllerTest   : Started IndexControllerTest in 1.927 seconds (JVM running for 9.697)
2022-02-08 15:51:56.546  INFO 1184 --- [-auto-1-exec-10] o.a.c.c.C.[Tomcat].[localhost].[/]       : Initializing Spring DispatcherServlet 'dispatcherServlet'
2022-02-08 15:51:56.547  INFO 1184 --- [-auto-1-exec-10] o.s.web.servlet.DispatcherServlet        : Initializing Servlet 'dispatcherServlet'
2022-02-08 15:51:56.567  INFO 1184 --- [-auto-1-exec-10] o.s.web.servlet.DispatcherServlet        : Completed initialization in 20 ms
Hibernate: select posts0_.id as id1_0_, posts0_.created_date as created_2_0_, posts0_.modified_date as modified3_0_, posts0_.author as author4_0_, posts0_.content as content5_0_, posts0_.title as title6_0_ from posts posts0_ order by posts0_.id DESC
]]></system-out>
  <system-err><![CDATA[]]></system-err>
</testsuite>
